<?xml version="1.0" encoding="UTF-8"?>
<!-- Generated by org.testng.reporters.JUnitXMLReporter -->
<testsuite ignored="0" hostname="DESKTOP-QNO81J7" failures="0" tests="6" name="Test" time="0.162" errors="0" timestamp="2024-09-04T18:45:21 CDT">
  <testcase classname="MavenPro.MavenJava_2.AppiumTest" name="IOSApps" time="0.016"/>
  <testcase classname="MavenPro.MavenJava_2.AppiumTest" name="NativeAPpAndroid" time="0.003"/>
  <testcase classname="MavenPro.MavenJava_2.SeleniumTest" name="BrowserAUtomation" time="0.006"/>
  <testcase classname="MavenPro.MavenJava_2.SeleniumTest" name="elementsUi" time="0.02"/>
  <testcase classname="MavenPro.MavenJava_2.RESTAPITest" name="deleteTwitter" time="0.003"/>
  <testcase classname="MavenPro.MavenJava_2.RESTAPITest" name="postJira" time="0.003"/>
</testsuite> <!-- Test -->
