<?xml version="1.0" encoding="UTF-8"?>
<testng-results ignored="0" total="6" passed="6" failed="0" skipped="0">
  <reporter-output>
  </reporter-output>
  <suite started-at="2024-09-04T18:28:51 CDT" name="Surefire suite" finished-at="2024-09-04T18:28:51 CDT" duration-ms="93">
    <groups>
    </groups>
    <test started-at="2024-09-04T18:28:51 CDT" name="Surefire test" finished-at="2024-09-04T18:28:51 CDT" duration-ms="93">
      <class name="MavenPro.MavenJava_2.RESTAPITest">
        <test-method signature="deleteTwitter()[pri:0, instance:MavenPro.MavenJava_2.RESTAPITest@3a6bb9bf]" started-at="2024-09-04T18:28:51 CDT" name="deleteTwitter" finished-at="2024-09-04T18:28:51 CDT" duration-ms="1" status="PASS">
          <reporter-output>
          </reporter-output>
        </test-method> <!-- deleteTwitter -->
        <test-method signature="postJira()[pri:0, instance:MavenPro.MavenJava_2.RESTAPITest@3a6bb9bf]" started-at="2024-09-04T18:28:51 CDT" name="postJira" finished-at="2024-09-04T18:28:51 CDT" duration-ms="1" status="PASS">
          <reporter-output>
          </reporter-output>
        </test-method> <!-- postJira -->
      </class> <!-- MavenPro.MavenJava_2.RESTAPITest -->
      <class name="MavenPro.MavenJava_2.SeleniumTest">
        <test-method signature="BrowserAUtomation()[pri:0, instance:MavenPro.MavenJava_2.SeleniumTest@34f7cfd9]" started-at="2024-09-04T18:28:51 CDT" name="BrowserAUtomation" finished-at="2024-09-04T18:28:51 CDT" duration-ms="1" status="PASS">
          <reporter-output>
          </reporter-output>
        </test-method> <!-- BrowserAUtomation -->
        <test-method signature="elementsUi()[pri:0, instance:MavenPro.MavenJava_2.SeleniumTest@34f7cfd9]" started-at="2024-09-04T18:28:51 CDT" name="elementsUi" finished-at="2024-09-04T18:28:51 CDT" duration-ms="0" status="PASS">
          <reporter-output>
          </reporter-output>
        </test-method> <!-- elementsUi -->
      </class> <!-- MavenPro.MavenJava_2.SeleniumTest -->
      <class name="MavenPro.MavenJava_2.AppiumTest">
        <test-method signature="IOSApps()[pri:0, instance:MavenPro.MavenJava_2.AppiumTest@19d481b]" started-at="2024-09-04T18:28:51 CDT" name="IOSApps" finished-at="2024-09-04T18:28:51 CDT" duration-ms="10" status="PASS">
          <reporter-output>
          </reporter-output>
        </test-method> <!-- IOSApps -->
        <test-method signature="NativeAPpAndroid()[pri:0, instance:MavenPro.MavenJava_2.AppiumTest@19d481b]" started-at="2024-09-04T18:28:51 CDT" name="NativeAPpAndroid" finished-at="2024-09-04T18:28:51 CDT" duration-ms="1" status="PASS">
          <reporter-output>
          </reporter-output>
        </test-method> <!-- NativeAPpAndroid -->
      </class> <!-- MavenPro.MavenJava_2.AppiumTest -->
    </test> <!-- Surefire test -->
  </suite> <!-- Surefire suite -->
</testng-results>
