<?xml version="1.0" encoding="UTF-8"?>
<testsuite xmlns:xsi="http://www.w3.org/2001/XMLSchema-instance" xsi:noNamespaceSchemaLocation="https://maven.apache.org/surefire/maven-surefire-plugin/xsd/surefire-test-report.xsd" version="3.0.1" name="TestSuite" time="1.128" tests="6" errors="0" skipped="0" failures="0">
  <properties>
[...]
</properties>
  <testcase name="IOSApps" classname="MavenPro.MavenJava_2.AppiumTest" time="0.034">
    <system-out><![CDATA[IOSApps
]]></system-out>
    <system-err><![CDATA[SLF4J: Failed to load class "org.slf4j.impl.StaticLoggerBinder".
SLF4J: Defaulting to no-operation (NOP) logger implementation
SLF4J: See http://www.slf4j.org/codes.html#StaticLoggerBinder for further details.
]]></system-err>
  </testcase>
  <testcase name="NativeAPpAndroid" classname="MavenPro.MavenJava_2.AppiumTest" time="0.032">
    <system-out><![CDATA[NativeAPpAndroid
]]></system-out>
  </testcase>
  <testcase name="deleteTwitter" classname="MavenPro.MavenJava_2.RESTAPITest" time="0.008">
    <system-out><![CDATA[deleteTwitter
]]></system-out>
  </testcase>
  <testcase name="postJira" classname="MavenPro.MavenJava_2.RESTAPITest" time="0.004">
    <system-out><![CDATA[postJira
]]></system-out>
  </testcase>
  <testcase name="BrowserAUtomation" classname="MavenPro.MavenJava_2.SeleniumTest" time="0.005">
    <system-out><![CDATA[BrowserAUtomation
]]></system-out>
  </testcase>
  <testcase name="elementsUi" classname="MavenPro.MavenJava_2.SeleniumTest" time="0.007">
    <system-out><![CDATA[elementsUi
]]></system-out>
  </testcase>
</testsuite>